<?xml version="1.0" encoding="UTF-8"?>
<testsuite xmlns:xsi="http://www.w3.org/2001/XMLSchema-instance" xsi:noNamespaceSchemaLocation="https://maven.apache.org/surefire/maven-surefire-plugin/xsd/surefire-test-report-3.0.xsd" version="3.0" name="HeapSortTest" time="0.12" tests="7" errors="0" skipped="0" failures="0">
  <properties>
    <property name="java.specification.version" value="24"/>
    <property name="sun.jnu.encoding" value="UTF-8"/>
    <property name="java.class.path" value="/Users/praveen/sandbox/mcs/CSE565-softwaretesting/project1/target/test-classes:/Users/praveen/sandbox/mcs/CSE565-softwaretesting/project1/target/classes:/Users/praveen/.m2/repository/junit/junit/4.13.2/junit-4.13.2.jar:/Users/praveen/.m2/repository/org/hamcrest/hamcrest-core/1.3/hamcrest-core-1.3.jar:/Users/praveen/.m2/repository/com/puppycrawl/tools/checkstyle/10.17.0/checkstyle-10.17.0.jar:/Users/praveen/.m2/repository/info/picocli/picocli/4.7.6/picocli-4.7.6.jar:/Users/praveen/.m2/repository/org/antlr/antlr4-runtime/4.13.1/antlr4-runtime-4.13.1.jar:/Users/praveen/.m2/repository/commons-beanutils/commons-beanutils/1.9.4/commons-beanutils-1.9.4.jar:/Users/praveen/.m2/repository/commons-logging/commons-logging/1.2/commons-logging-1.2.jar:/Users/praveen/.m2/repository/commons-collections/commons-collections/3.2.2/commons-collections-3.2.2.jar:/Users/praveen/.m2/repository/com/google/guava/guava/33.2.0-jre/guava-33.2.0-jre.jar:/Users/praveen/.m2/repository/com/google/guava/failureaccess/1.0.2/failureaccess-1.0.2.jar:/Users/praveen/.m2/repository/com/google/guava/listenablefuture/9999.0-empty-to-avoid-conflict-with-guava/listenablefuture-9999.0-empty-to-avoid-conflict-with-guava.jar:/Users/praveen/.m2/repository/com/google/code/findbugs/jsr305/3.0.2/jsr305-3.0.2.jar:/Users/praveen/.m2/repository/com/google/errorprone/error_prone_annotations/2.26.1/error_prone_annotations-2.26.1.jar:/Users/praveen/.m2/repository/com/google/j2objc/j2objc-annotations/3.0.0/j2objc-annotations-3.0.0.jar:/Users/praveen/.m2/repository/org/reflections/reflections/0.10.2/reflections-0.10.2.jar:/Users/praveen/.m2/repository/org/javassist/javassist/3.28.0-GA/javassist-3.28.0-GA.jar:/Users/praveen/.m2/repository/org/slf4j/slf4j-api/1.7.32/slf4j-api-1.7.32.jar:/Users/praveen/.m2/repository/net/sf/saxon/Saxon-HE/12.4/Saxon-HE-12.4.jar:/Users/praveen/.m2/repository/org/xmlresolver/xmlresolver/5.2.2/xmlresolver-5.2.2.jar:/Users/praveen/.m2/repository/org/apache/httpcomponents/client5/httpclient5/5.1.3/httpclient5-5.1.3.jar:/Users/praveen/.m2/repository/org/apache/httpcomponents/core5/httpcore5-h2/5.1.3/httpcore5-h2-5.1.3.jar:/Users/praveen/.m2/repository/commons-codec/commons-codec/1.15/commons-codec-1.15.jar:/Users/praveen/.m2/repository/org/apache/httpcomponents/core5/httpcore5/5.1.3/httpcore5-5.1.3.jar:/Users/praveen/.m2/repository/org/xmlresolver/xmlresolver/5.2.2/xmlresolver-5.2.2-data.jar:/Users/praveen/.m2/repository/org/checkerframework/checker-qual/3.43.0/checker-qual-3.43.0.jar:/Users/praveen/.m2/repository/org/apache/maven/doxia/doxia-core/1.12.0/doxia-core-1.12.0.jar:/Users/praveen/.m2/repository/org/apache/maven/doxia/doxia-sink-api/1.12.0/doxia-sink-api-1.12.0.jar:/Users/praveen/.m2/repository/org/apache/maven/doxia/doxia-logging-api/1.12.0/doxia-logging-api-1.12.0.jar:/Users/praveen/.m2/repository/org/codehaus/plexus/plexus-utils/3.3.0/plexus-utils-3.3.0.jar:/Users/praveen/.m2/repository/org/codehaus/plexus/plexus-container-default/2.1.0/plexus-container-default-2.1.0.jar:/Users/praveen/.m2/repository/org/codehaus/plexus/plexus-classworlds/2.6.0/plexus-classworlds-2.6.0.jar:/Users/praveen/.m2/repository/org/apache/xbean/xbean-reflect/3.7/xbean-reflect-3.7.jar:/Users/praveen/.m2/repository/org/codehaus/plexus/plexus-component-annotations/2.1.0/plexus-component-annotations-2.1.0.jar:/Users/praveen/.m2/repository/org/apache/commons/commons-lang3/3.8.1/commons-lang3-3.8.1.jar:/Users/praveen/.m2/repository/org/apache/commons/commons-text/1.3/commons-text-1.3.jar:/Users/praveen/.m2/repository/org/apache/httpcomponents/httpclient/4.5.13/httpclient-4.5.13.jar:/Users/praveen/.m2/repository/org/apache/httpcomponents/httpcore/4.4.14/httpcore-4.4.14.jar:/Users/praveen/.m2/repository/org/apache/maven/doxia/doxia-module-xdoc/1.12.0/doxia-module-xdoc-1.12.0.jar:"/>
    <property name="java.vm.vendor" value="Homebrew"/>
    <property name="sun.arch.data.model" value="64"/>
    <property name="java.vendor.url" value="https://github.com/Homebrew/homebrew-core/issues"/>
    <property name="os.name" value="Mac OS X"/>
    <property name="java.vm.specification.version" value="24"/>
    <property name="sun.java.launcher" value="SUN_STANDARD"/>
    <property name="user.country" value="US"/>
    <property name="sun.boot.library.path" value="/usr/local/Cellar/openjdk/24.0.1/libexec/openjdk.jdk/Contents/Home/lib"/>
    <property name="sun.java.command" value="/Users/praveen/sandbox/mcs/CSE565-softwaretesting/project1/target/surefire/surefirebooter-20250702002424044_3.jar /Users/praveen/sandbox/mcs/CSE565-softwaretesting/project1/target/surefire 2025-07-02T00-24-23_555-jvmRun1 surefire-20250702002424044_1tmp surefire_0-20250702002424044_2tmp"/>
    <property name="http.nonProxyHosts" value="local|*.local|169.254/16|*.169.254/16"/>
    <property name="jdk.debug" value="release"/>
    <property name="surefire.test.class.path" value="/Users/praveen/sandbox/mcs/CSE565-softwaretesting/project1/target/test-classes:/Users/praveen/sandbox/mcs/CSE565-softwaretesting/project1/target/classes:/Users/praveen/.m2/repository/junit/junit/4.13.2/junit-4.13.2.jar:/Users/praveen/.m2/repository/org/hamcrest/hamcrest-core/1.3/hamcrest-core-1.3.jar:/Users/praveen/.m2/repository/com/puppycrawl/tools/checkstyle/10.17.0/checkstyle-10.17.0.jar:/Users/praveen/.m2/repository/info/picocli/picocli/4.7.6/picocli-4.7.6.jar:/Users/praveen/.m2/repository/org/antlr/antlr4-runtime/4.13.1/antlr4-runtime-4.13.1.jar:/Users/praveen/.m2/repository/commons-beanutils/commons-beanutils/1.9.4/commons-beanutils-1.9.4.jar:/Users/praveen/.m2/repository/commons-logging/commons-logging/1.2/commons-logging-1.2.jar:/Users/praveen/.m2/repository/commons-collections/commons-collections/3.2.2/commons-collections-3.2.2.jar:/Users/praveen/.m2/repository/com/google/guava/guava/33.2.0-jre/guava-33.2.0-jre.jar:/Users/praveen/.m2/repository/com/google/guava/failureaccess/1.0.2/failureaccess-1.0.2.jar:/Users/praveen/.m2/repository/com/google/guava/listenablefuture/9999.0-empty-to-avoid-conflict-with-guava/listenablefuture-9999.0-empty-to-avoid-conflict-with-guava.jar:/Users/praveen/.m2/repository/com/google/code/findbugs/jsr305/3.0.2/jsr305-3.0.2.jar:/Users/praveen/.m2/repository/com/google/errorprone/error_prone_annotations/2.26.1/error_prone_annotations-2.26.1.jar:/Users/praveen/.m2/repository/com/google/j2objc/j2objc-annotations/3.0.0/j2objc-annotations-3.0.0.jar:/Users/praveen/.m2/repository/org/reflections/reflections/0.10.2/reflections-0.10.2.jar:/Users/praveen/.m2/repository/org/javassist/javassist/3.28.0-GA/javassist-3.28.0-GA.jar:/Users/praveen/.m2/repository/org/slf4j/slf4j-api/1.7.32/slf4j-api-1.7.32.jar:/Users/praveen/.m2/repository/net/sf/saxon/Saxon-HE/12.4/Saxon-HE-12.4.jar:/Users/praveen/.m2/repository/org/xmlresolver/xmlresolver/5.2.2/xmlresolver-5.2.2.jar:/Users/praveen/.m2/repository/org/apache/httpcomponents/client5/httpclient5/5.1.3/httpclient5-5.1.3.jar:/Users/praveen/.m2/repository/org/apache/httpcomponents/core5/httpcore5-h2/5.1.3/httpcore5-h2-5.1.3.jar:/Users/praveen/.m2/repository/commons-codec/commons-codec/1.15/commons-codec-1.15.jar:/Users/praveen/.m2/repository/org/apache/httpcomponents/core5/httpcore5/5.1.3/httpcore5-5.1.3.jar:/Users/praveen/.m2/repository/org/xmlresolver/xmlresolver/5.2.2/xmlresolver-5.2.2-data.jar:/Users/praveen/.m2/repository/org/checkerframework/checker-qual/3.43.0/checker-qual-3.43.0.jar:/Users/praveen/.m2/repository/org/apache/maven/doxia/doxia-core/1.12.0/doxia-core-1.12.0.jar:/Users/praveen/.m2/repository/org/apache/maven/doxia/doxia-sink-api/1.12.0/doxia-sink-api-1.12.0.jar:/Users/praveen/.m2/repository/org/apache/maven/doxia/doxia-logging-api/1.12.0/doxia-logging-api-1.12.0.jar:/Users/praveen/.m2/repository/org/codehaus/plexus/plexus-utils/3.3.0/plexus-utils-3.3.0.jar:/Users/praveen/.m2/repository/org/codehaus/plexus/plexus-container-default/2.1.0/plexus-container-default-2.1.0.jar:/Users/praveen/.m2/repository/org/codehaus/plexus/plexus-classworlds/2.6.0/plexus-classworlds-2.6.0.jar:/Users/praveen/.m2/repository/org/apache/xbean/xbean-reflect/3.7/xbean-reflect-3.7.jar:/Users/praveen/.m2/repository/org/codehaus/plexus/plexus-component-annotations/2.1.0/plexus-component-annotations-2.1.0.jar:/Users/praveen/.m2/repository/org/apache/commons/commons-lang3/3.8.1/commons-lang3-3.8.1.jar:/Users/praveen/.m2/repository/org/apache/commons/commons-text/1.3/commons-text-1.3.jar:/Users/praveen/.m2/repository/org/apache/httpcomponents/httpclient/4.5.13/httpclient-4.5.13.jar:/Users/praveen/.m2/repository/org/apache/httpcomponents/httpcore/4.4.14/httpcore-4.4.14.jar:/Users/praveen/.m2/repository/org/apache/maven/doxia/doxia-module-xdoc/1.12.0/doxia-module-xdoc-1.12.0.jar:"/>
    <property name="sun.cpu.endian" value="little"/>
    <property name="user.home" value="/Users/praveen"/>
    <property name="user.language" value="en"/>
    <property name="java.specification.vendor" value="Oracle Corporation"/>
    <property name="java.version.date" value="2025-04-15"/>
    <property name="java.home" value="/usr/local/Cellar/openjdk/24.0.1/libexec/openjdk.jdk/Contents/Home"/>
    <property name="file.separator" value="/"/>
    <property name="basedir" value="/Users/praveen/sandbox/mcs/CSE565-softwaretesting/project1"/>
    <property name="java.vm.compressedOopsMode" value="Zero based"/>
    <property name="line.separator" value="&#10;"/>
    <property name="java.vm.specification.vendor" value="Oracle Corporation"/>
    <property name="java.specification.name" value="Java Platform API Specification"/>
    <property name="apple.awt.application.name" value="ForkedBooter"/>
    <property name="surefire.real.class.path" value="/Users/praveen/sandbox/mcs/CSE565-softwaretesting/project1/target/surefire/surefirebooter-20250702002424044_3.jar"/>
    <property name="sun.management.compiler" value="HotSpot 64-Bit Tiered Compilers"/>
    <property name="ftp.nonProxyHosts" value="local|*.local|169.254/16|*.169.254/16"/>
    <property name="java.runtime.version" value="24.0.1"/>
    <property name="user.name" value="praveen"/>
    <property name="stdout.encoding" value="UTF-8"/>
    <property name="path.separator" value=":"/>
    <property name="os.version" value="15.5"/>
    <property name="java.runtime.name" value="OpenJDK Runtime Environment"/>
    <property name="file.encoding" value="UTF-8"/>
    <property name="java.vm.name" value="OpenJDK 64-Bit Server VM"/>
    <property name="java.vendor.version" value="Homebrew"/>
    <property name="localRepository" value="/Users/praveen/.m2/repository"/>
    <property name="java.vendor.url.bug" value="https://github.com/Homebrew/homebrew-core/issues"/>
    <property name="java.io.tmpdir" value="/var/folders/vt/m_zmzvtx5kjcb6c95c0hzcrh0000gn/T/"/>
    <property name="java.version" value="24.0.1"/>
    <property name="user.dir" value="/Users/praveen/sandbox/mcs/CSE565-softwaretesting/project1"/>
    <property name="os.arch" value="x86_64"/>
    <property name="java.vm.specification.name" value="Java Virtual Machine Specification"/>
    <property name="native.encoding" value="UTF-8"/>
    <property name="java.library.path" value="/Users/praveen/Library/Java/Extensions:/Library/Java/Extensions:/Network/Library/Java/Extensions:/System/Library/Java/Extensions:/usr/lib/java:."/>
    <property name="java.vm.info" value="mixed mode, sharing"/>
    <property name="stderr.encoding" value="UTF-8"/>
    <property name="java.vendor" value="Homebrew"/>
    <property name="java.vm.version" value="24.0.1"/>
    <property name="sun.io.unicode.encoding" value="UnicodeBig"/>
    <property name="socksNonProxyHosts" value="local|*.local|169.254/16|*.169.254/16"/>
    <property name="java.class.version" value="68.0"/>
  </properties>
  <testcase name="testSortWithReverseSortedArray" classname="HeapSortTest" time="0.014"/>
  <testcase name="testSortWithDuplicates" classname="HeapSortTest" time="0.0"/>
  <testcase name="testSortWithEmptyArray" classname="HeapSortTest" time="0.0"/>
  <testcase name="testSortWithAlreadySortedArray" classname="HeapSortTest" time="0.0"/>
  <testcase name="testSortWithUnsortedArray" classname="HeapSortTest" time="0.0"/>
  <testcase name="testSortWithNegativeNumbers" classname="HeapSortTest" time="0.0"/>
  <testcase name="testSortWithSingleElement" classname="HeapSortTest" time="0.0"/>
</testsuite>